<?xml version="1.0" encoding="UTF-8"?>
<!-- Generated by org.testng.reporters.JUnitXMLReporter -->
<testsuite ignored="0" hostname="Padmaarajan" failures="0" tests="1" name="TC_001_Homepage_Test" time="0.072" errors="0" timestamp="2025-07-22T13:32:24 IST">
  <testcase classname="testBase.BaseClass" name="@BeforeClass setup" time="-1.753171344513E9">
    <failure type="org.testng.TestNGException" message="
Parameter &amp;apos;os&amp;apos; is required by BeforeClass on method setup but has not been marked @Optional or defined
in D:\JAVA\Pracitse2025\mytrip\continuos.xml">
      <![CDATA[org.testng.TestNGException: 
Parameter 'os' is required by BeforeClass on method setup but has not been marked @Optional or defined
in D:\JAVA\Pracitse2025\mytrip\continuos.xml
at java.base/java.util.ArrayList.forEach(ArrayList.java:1597)
... Removed 22 stack frames]]>
    </failure>
  </testcase> <!-- @BeforeClass setup -->
  <testcase classname="testBase.BaseClass" name="@AfterClass tearDown" time="0.0">
    <skipped/>
  </testcase> <!-- @AfterClass tearDown -->
  <testcase classname="testCases.TC_001_Homepage" name="verify_homepage" time="0.0">
    <skipped/>
  </testcase> <!-- verify_homepage -->
</testsuite> <!-- TC_001_Homepage_Test -->
